2025-10-02 20:00:09 - Path: /DEMO87654321
2025-10-02 20:00:09 - Match! Token: DEMO87654321
2025-10-02 20:00:09 - Calling search.php
2025-10-02 20:00:09 - Path: /assets/css/styles.css
2025-10-02 20:00:09 - Path: /assets/css/theme.php
2025-10-02 20:00:20 - Path: /
2025-10-02 20:00:20 - Path: /assets/css/styles.css
2025-10-02 20:00:20 - Path: /assets/css/theme.php
2025-10-02 20:00:22 - Path: /search.php
2025-10-02 20:00:22 - Path: /assets/css/styles.css
2025-10-02 20:00:22 - Path: /assets/css/theme.php
2025-10-02 21:08:26 - Path: /
2025-10-02 21:17:42 - Path: /
2025-10-02 21:17:57 - Path: /
2025-10-02 21:26:21 - Path: /
2025-10-02 21:26:21 - Path: /assets/css/styles.css
2025-10-02 21:26:21 - Path: /assets/css/theme.php
2025-10-02 21:26:22 - Path: /favicon.ico
2025-10-02 21:26:22 - Match! Token: favicon.ico
2025-10-02 21:26:22 - Calling search.php
2025-10-02 21:26:22 - Path: /index.php
2025-10-02 21:28:34 - Path: /
2025-10-02 21:28:34 - Path: /assets/css/theme.php
2025-10-02 21:28:34 - Path: /assets/css/styles.css
2025-10-02 21:28:35 - Path: /favicon.ico
2025-10-02 21:28:35 - Match! Token: favicon.ico
2025-10-02 21:28:35 - Calling search.php
2025-10-02 21:28:35 - Path: /index.php
2025-10-02 21:31:33 - Path: /
2025-10-02 21:31:33 - Path: /assets/css/styles.css
2025-10-02 21:31:33 - Path: /assets/css/theme.php
2025-10-02 21:31:34 - Path: /favicon.ico
2025-10-02 21:31:34 - Match! Token: favicon.ico
2025-10-02 21:31:34 - Calling search.php
2025-10-02 21:31:34 - Path: /index.php
2025-10-02 21:33:26 - Path: /
2025-10-02 21:33:34 - Path: /
2025-10-02 21:33:34 - Path: /
2025-10-02 21:33:34 - Path: /assets/css/styles.css
2025-10-02 21:33:34 - Path: /assets/css/theme.php
2025-10-02 21:33:34 - Path: /favicon.ico
2025-10-02 21:33:34 - Match! Token: favicon.ico
2025-10-02 21:33:34 - Calling search.php
2025-10-02 21:33:34 - Path: /index.php
2025-10-02 21:33:35 - Path: /
2025-10-02 21:33:35 - Path: /assets/css/styles.css
2025-10-02 21:33:35 - Path: /assets/css/theme.php
2025-10-02 21:33:35 - Path: /favicon.ico
2025-10-02 21:33:35 - Match! Token: favicon.ico
2025-10-02 21:33:35 - Calling search.php
2025-10-02 21:33:35 - Path: /index.php
2025-10-02 21:33:35 - Path: /
2025-10-02 21:33:36 - Path: /assets/css/styles.css
2025-10-02 21:33:36 - Path: /assets/css/theme.php
2025-10-02 21:33:36 - Path: /favicon.ico
2025-10-02 21:33:36 - Match! Token: favicon.ico
2025-10-02 21:33:36 - Calling search.php
2025-10-02 21:33:36 - Path: /index.php
2025-10-02 21:33:36 - Path: /
2025-10-02 21:33:36 - Path: /assets/css/styles.css
2025-10-02 21:33:36 - Path: /assets/css/theme.php
2025-10-02 21:33:36 - Path: /favicon.ico
2025-10-02 21:33:36 - Match! Token: favicon.ico
2025-10-02 21:33:36 - Calling search.php
2025-10-02 21:33:36 - Path: /index.php
2025-10-02 21:33:36 - Path: /
2025-10-02 21:33:36 - Path: /assets/css/theme.php
2025-10-02 21:33:36 - Path: /assets/css/styles.css
2025-10-02 21:33:36 - Path: /favicon.ico
2025-10-02 21:33:36 - Match! Token: favicon.ico
2025-10-02 21:33:36 - Calling search.php
2025-10-02 21:33:36 - Path: /index.php
2025-10-02 21:33:56 - Path: /
2025-10-02 21:33:56 - Path: /assets/css/styles.css
2025-10-02 21:33:56 - Path: /assets/css/theme.php
2025-10-02 21:33:57 - Path: /favicon.ico
2025-10-02 21:33:57 - Match! Token: favicon.ico
2025-10-02 21:33:57 - Calling search.php
2025-10-02 21:33:57 - Path: /index.php
2025-10-02 21:34:02 - Path: /
2025-10-02 21:34:03 - Path: /assets/css/styles.css
2025-10-02 21:34:03 - Path: /assets/css/theme.php
2025-10-02 21:34:03 - Path: /favicon.ico
2025-10-02 21:34:03 - Match! Token: favicon.ico
2025-10-02 21:34:03 - Calling search.php
2025-10-02 21:34:03 - Path: /index.php
2025-10-02 22:18:38 - Path: /
2025-10-02 22:18:38 - Path: /assets/css/styles.css
2025-10-02 22:18:38 - Path: /assets/css/theme.php
2025-10-02 22:18:39 - Path: /favicon.ico
2025-10-02 22:18:39 - Match! Token: favicon.ico
2025-10-02 22:18:39 - Calling search.php
2025-10-02 22:18:39 - Path: /index.php
2025-10-02 22:19:20 - Path: /
2025-10-02 22:19:20 - Path: /assets/css/styles.css
2025-10-02 22:19:39 - Path: /favicon.ico
2025-10-02 22:19:39 - Match! Token: favicon.ico
2025-10-02 22:19:39 - Calling search.php
2025-10-02 22:19:40 - Path: /index.php
2025-10-02 22:19:45 - Path: /
2025-10-02 22:19:45 - Path: /assets/css/styles.css
2025-10-02 22:20:01 - Path: /
2025-10-02 22:20:01 - Path: /assets/css/styles.css
2025-10-02 22:20:01 - Path: /assets/css/theme.php
2025-10-02 22:20:04 - Path: /favicon.ico
2025-10-02 22:20:04 - Match! Token: favicon.ico
2025-10-02 22:20:04 - Calling search.php
2025-10-02 22:20:04 - Path: /index.php
2025-10-02 22:20:31 - Path: /
2025-10-02 22:20:31 - Path: /assets/css/styles.css
2025-10-02 22:20:51 - Path: /favicon.ico
2025-10-02 22:20:51 - Match! Token: favicon.ico
2025-10-02 22:20:51 - Calling search.php
2025-10-02 22:20:52 - Path: /index.php
